1701169392887:test
1701169395385:asd
1701181784736:test
1701181796532:stacktrace
1701181849328:test
1701245453618:stacktrace
1701248265313:test
1701333943087:stacktrace
1701334024308:test
1701334191404:stacktrace
1701334337926:e
1701334340780:es
1701334356380:test
1701334366074:stacktrace
1701334468798:test
1701334871960:stacktrace
1701334893817:test
1701336040864:stacktrace
1701336110255:test
1701336389786:ts
1701336405072:test
1701336407821:stacktrace
1701336427893:test
1701336459643:stracktrace
1701336465596:stacktrace
1701336477346:test
1701336481786:stacktrace
1701336520364:test
1701336527896:stacktrace
1701342677553:тест
1701342678877:test
1701342681143:stacktrace
1701342776778:test
1701342783704:stacktrace
1701342984591:test
1701344136165:stacktrace
1701344276459:test
1701344580767:stacktrace
1701345032243:test
1701345043295:stacktrace
1701345231035:test
1701345239791:stacktrace
1701345597710:test
1701345603146:stacktrace
1701345667440:test
1701421408345:stacktrace
1701421420688:test
1701421639807:stacktrace
1701421756702:test
1701421759989:stacktrace
1701421848157:test
1701421988876:stacktrace
1701422211545:test
1701431639638:stacktrace
1701431791129:test
1701431795784:stacktrace
1701431957581:test
1701431960555:stacktrace
1701432000067:test
1701432345549:stacktrace
1701432367548:test
1701433383109:help
1701435877328:spring init
1701436097447:help
1701438302901:spring init
1701438315502:spinrg
1701438317509:spring init
1701438421155:init
1701438791568:help
1701438793656:init
1701442098163:asd
1701442110982:init
1701442112934:123##
1701442119133:init
1701442121635:123-123
1701442123542:init
1701442125967:123____321
1701673218537:init
1701678805192:stacktrace
1701678915422:init
1701678917741:stacktrace
1701678958315:init
1701678961210:stacktrace
1701678987982:init
1701678991276:stacktrace
1701679075583:init
1701679132870:stacktrace
1701679296234:init
1701679344643:stacktrace
1701679373027:init
1701694689573:stacktrace
1701694896895:init
